<?xml version="1.0" encoding="UTF-8"?>
<testng-results skipped="0" failed="0" ignored="0" total="1" passed="1">
  <reporter-output>
  </reporter-output>
  <suite name="Suite" duration-ms="8631" started-at="2018-07-01T07:21:17Z" finished-at="2018-07-01T07:21:25Z">
    <groups>
    </groups>
    <test name="Test" duration-ms="8631" started-at="2018-07-01T07:21:17Z" finished-at="2018-07-01T07:21:25Z">
      <class name="com.zonedigital.qa.testCases.EastEndersLandingPageTest">
        <test-method status="PASS" signature="setUp()[pri:0, instance:com.zonedigital.qa.testCases.EastEndersLandingPageTest@5442a311]" name="setUp" is-config="true" duration-ms="8293" started-at="2018-07-01T07:21:17Z" finished-at="2018-07-01T07:21:25Z">
          <reporter-output>
          </reporter-output>
        </test-method> <!-- setUp -->
        <test-method status="PASS" signature="verifyNextDateTest()[pri:0, instance:com.zonedigital.qa.testCases.EastEndersLandingPageTest@5442a311]" name="verifyNextDateTest" duration-ms="161" started-at="2018-07-01T07:21:25Z" finished-at="2018-07-01T07:21:25Z">
          <reporter-output>
          </reporter-output>
        </test-method> <!-- verifyNextDateTest -->
        <test-method status="PASS" signature="tearDown()[pri:0, instance:com.zonedigital.qa.testCases.EastEndersLandingPageTest@5442a311]" name="tearDown" is-config="true" duration-ms="139" started-at="2018-07-01T07:21:25Z" finished-at="2018-07-01T07:21:25Z">
          <reporter-output>
          </reporter-output>
        </test-method> <!-- tearDown -->
      </class> <!-- com.zonedigital.qa.testCases.EastEndersLandingPageTest -->
    </test> <!-- Test -->
  </suite> <!-- Suite -->
</testng-results>
